2026-06-08 08:33:34,792 - ERROR - Prediction failed: 'str' object has no attribute 'value'
2026-06-08 08:36:18,100 - ERROR - Prediction failed: invalid literal for int() with base 10: np.str_('Chennai')
2026-06-08 08:41:05,635 - ERROR - Prediction failed: invalid literal for int() with base 10: np.str_('Chennai')
2026-06-08 09:45:55,314 - ERROR - Prediction failed: y contains previously unseen labels: 'Adyar'
2026-06-08 10:03:22,451 - ERROR - Prediction failed: feature_names mismatch: ['beds', 'city', 'type', 'baths', 'neighborhood'] ['beds', 'baths', 'city', 'neighborhood', 'type', 'avg_size', 'total_rooms']
training data did not have the following fields: total_rooms, avg_size
2026-06-08 10:10:24,610 - INFO - Prediction successful | City=Chennai | Prediction=20292612.0
2026-06-08 10:18:17,957 - ERROR - Prediction failed: y contains previously unseen labels: 'Siruseri'
2026-06-08 10:22:40,947 - INFO - Prediction successful | City=Chennai | Prediction=7706406.0
2026-06-08 10:25:09,315 - INFO - Prediction successful | City=Bangalore | Prediction=9006891.0
2026-06-08 10:33:25,303 - INFO - Prediction successful | City=Chennai | Prediction=27583940.0
2026-06-08 14:56:41,972 - INFO - Prediction successful | City=Chennai | Prediction=34111212.0
2026-06-08 16:17:23,161 - INFO - Prediction successful | City=Chennai | Prediction=11615587.0
2026-06-09 09:18:12,057 - INFO - Prediction successful | City=Chennai | Prediction=33326936.0
2026-06-09 09:18:24,946 - INFO - Prediction successful | City=Chennai | Prediction=33326936.0
2026-06-09 09:18:26,090 - INFO - Prediction successful | City=Chennai | Prediction=33326936.0
2026-06-09 09:18:26,242 - INFO - Prediction successful | City=Chennai | Prediction=33326936.0
2026-06-09 09:18:26,653 - INFO - Prediction successful | City=Chennai | Prediction=33326936.0
2026-06-09 09:18:26,981 - INFO - Prediction successful | City=Chennai | Prediction=33326936.0
2026-06-09 09:18:27,271 - INFO - Prediction successful | City=Chennai | Prediction=33326936.0
2026-06-09 09:18:31,006 - INFO - Prediction successful | City=Chennai | Prediction=33326936.0
2026-06-09 09:18:40,829 - INFO - Prediction successful | City=Chennai | Prediction=33326936.0
2026-06-09 09:18:41,190 - INFO - Prediction successful | City=Chennai | Prediction=33326936.0
2026-06-09 09:18:41,557 - INFO - Prediction successful | City=Chennai | Prediction=33326936.0
2026-06-09 09:18:41,890 - INFO - Prediction successful | City=Chennai | Prediction=33326936.0
2026-06-09 09:18:42,166 - INFO - Prediction successful | City=Chennai | Prediction=33326936.0
2026-06-09 09:18:42,322 - INFO - Prediction successful | City=Chennai | Prediction=33326936.0
2026-06-09 09:18:42,464 - INFO - Prediction successful | City=Chennai | Prediction=33326936.0
2026-06-09 09:18:42,601 - INFO - Prediction successful | City=Chennai | Prediction=33326936.0
2026-06-09 09:18:42,750 - INFO - Prediction successful | City=Chennai | Prediction=33326936.0
2026-06-09 09:18:42,883 - INFO - Prediction successful | City=Chennai | Prediction=33326936.0
2026-06-09 09:18:43,016 - INFO - Prediction successful | City=Chennai | Prediction=33326936.0
2026-06-09 09:22:26,488 - INFO - Prediction successful | City=Chennai | Prediction=12690700.0
2026-06-09 09:22:36,011 - INFO - Prediction successful | City=Chennai | Prediction=12690700.0
2026-06-09 09:22:36,789 - INFO - Prediction successful | City=Chennai | Prediction=12690700.0
2026-06-09 09:22:37,223 - INFO - Prediction successful | City=Chennai | Prediction=12690700.0
2026-06-09 09:22:37,396 - INFO - Prediction successful | City=Chennai | Prediction=12690700.0
2026-06-09 09:22:37,561 - INFO - Prediction successful | City=Chennai | Prediction=12690700.0
2026-06-09 09:22:37,701 - INFO - Prediction successful | City=Chennai | Prediction=12690700.0
2026-06-09 09:22:37,849 - INFO - Prediction successful | City=Chennai | Prediction=12690700.0
2026-06-09 09:22:38,004 - INFO - Prediction successful | City=Chennai | Prediction=12690700.0
2026-06-09 09:22:38,136 - INFO - Prediction successful | City=Chennai | Prediction=12690700.0
2026-06-09 09:22:38,289 - INFO - Prediction successful | City=Chennai | Prediction=12690700.0
2026-06-09 09:22:38,423 - INFO - Prediction successful | City=Chennai | Prediction=12690700.0
2026-06-09 09:22:42,241 - INFO - Prediction successful | City=Chennai | Prediction=12690700.0
2026-06-09 09:22:42,589 - INFO - Prediction successful | City=Chennai | Prediction=12690700.0
2026-06-09 09:22:42,887 - INFO - Prediction successful | City=Chennai | Prediction=12690700.0
2026-06-09 09:22:43,060 - INFO - Prediction successful | City=Chennai | Prediction=12690700.0
2026-06-09 09:22:43,220 - INFO - Prediction successful | City=Chennai | Prediction=12690700.0
2026-06-09 09:22:43,380 - INFO - Prediction successful | City=Chennai | Prediction=12690700.0
2026-06-09 09:22:43,833 - INFO - Prediction successful | City=Chennai | Prediction=12690700.0
2026-06-09 09:22:45,381 - INFO - Prediction successful | City=Chennai | Prediction=12690700.0
2026-06-09 09:22:45,554 - INFO - Prediction successful | City=Chennai | Prediction=12690700.0
2026-06-09 09:22:45,731 - INFO - Prediction successful | City=Chennai | Prediction=12690700.0
2026-06-09 09:22:45,892 - INFO - Prediction successful | City=Chennai | Prediction=12690700.0
2026-06-09 09:22:46,053 - INFO - Prediction successful | City=Chennai | Prediction=12690700.0
2026-06-09 09:22:46,217 - INFO - Prediction successful | City=Chennai | Prediction=12690700.0
2026-06-09 09:22:48,438 - INFO - Prediction successful | City=Chennai | Prediction=12690700.0
2026-06-09 09:22:48,568 - INFO - Prediction successful | City=Chennai | Prediction=12690700.0
2026-06-09 09:22:48,721 - INFO - Prediction successful | City=Chennai | Prediction=12690700.0
2026-06-09 09:22:49,009 - INFO - Prediction successful | City=Chennai | Prediction=12690700.0
2026-06-09 09:22:49,292 - INFO - Prediction successful | City=Chennai | Prediction=12690700.0
2026-06-09 09:22:51,634 - INFO - Prediction successful | City=Chennai | Prediction=12690700.0
2026-06-09 09:22:51,769 - INFO - Prediction successful | City=Chennai | Prediction=12690700.0
2026-06-09 09:22:58,863 - INFO - Prediction successful | City=Chennai | Prediction=12690700.0
2026-06-09 09:22:59,015 - INFO - Prediction successful | City=Chennai | Prediction=12690700.0
2026-06-09 09:22:59,204 - INFO - Prediction successful | City=Chennai | Prediction=12690700.0
2026-06-09 09:23:02,610 - INFO - Prediction successful | City=Chennai | Prediction=12690700.0
2026-06-09 09:23:02,759 - INFO - Prediction successful | City=Chennai | Prediction=12690700.0
2026-06-09 09:23:02,923 - INFO - Prediction successful | City=Chennai | Prediction=12690700.0
2026-06-09 09:23:03,078 - INFO - Prediction successful | City=Chennai | Prediction=12690700.0
2026-06-09 09:23:23,474 - INFO - Prediction successful | City=Chennai | Prediction=12690700.0
2026-06-09 09:23:23,869 - INFO - Prediction successful | City=Chennai | Prediction=12690700.0
2026-06-09 09:23:24,009 - INFO - Prediction successful | City=Chennai | Prediction=12690700.0
2026-06-09 09:23:24,164 - INFO - Prediction successful | City=Chennai | Prediction=12690700.0
2026-06-09 09:23:24,322 - INFO - Prediction successful | City=Chennai | Prediction=12690700.0
2026-06-09 09:23:24,475 - INFO - Prediction successful | City=Chennai | Prediction=12690700.0
2026-06-09 09:23:24,635 - INFO - Prediction successful | City=Chennai | Prediction=12690700.0
2026-06-09 09:23:24,776 - INFO - Prediction successful | City=Chennai | Prediction=12690700.0
2026-06-09 09:23:24,926 - INFO - Prediction successful | City=Chennai | Prediction=12690700.0
2026-06-09 09:23:25,072 - INFO - Prediction successful | City=Chennai | Prediction=12690700.0
2026-06-09 09:23:25,219 - INFO - Prediction successful | City=Chennai | Prediction=12690700.0
2026-06-09 09:27:46,212 - INFO - Prediction successful | City=Chennai | Prediction=1115104.625
2026-06-09 09:30:54,092 - INFO - Prediction successful | City=Chennai | Prediction=19202280.0
